20240712	16:07:34	2a770504-00b9-4c1e-b665-ea5672bacb21	POST	/api/v1/auth/login	undefined
20240712	16:07:54	2c2b0636-6e3a-4764-a38b-1509f9f7dcf8	POST	/api/v1/auth/login	undefined
20240712	16:07:58	d7de4659-437b-455d-b602-5684246456fd	POST	/api/v1/auth/login	undefined
20240712	16:08:00	d911c880-fe6d-4cc4-92ee-c5f339650a95	POST	/api/v1/auth/login	undefined
20240712	16:08:01	741a1b69-48d1-4305-9ea3-20d52de40d82	POST	/api/v1/auth/login	undefined
20240712	16:08:06	6a3e6447-fba0-44bf-bd29-bfad3101dd6d	POST	/api/v1/auth/login	undefined
20240712	16:08:08	fcfc406d-069b-4411-b1e0-88ee01ec395c	POST	/api/v1/auth/login	undefined
20240712	16:08:10	2795139a-8880-465c-ad60-353fca5da37b	POST	/api/v1/auth/login	undefined
20240712	16:08:46	c0c95cf3-0b0f-49cf-be2e-f2b1347b04b8	POST	/api/v1/auth/login	undefined
20240712	16:09:09	cca6af35-00bc-4d30-b84c-22b725fe2de6	POST	/api/v1/auth/login	undefined
20240712	16:15:00	1e32f9c8-440e-4d25-8884-e7fc73ae5cc2	POST	/api/v1/auth/login	undefined
20240712	16:15:01	6face72a-2799-44f9-8882-f15b9cdf1b81	POST	/api/v1/auth/login	undefined
20240712	16:15:02	d4be15d6-82a4-4a75-b237-df50d9ab435b	POST	/api/v1/auth/login	undefined
20240712	16:15:04	198810b0-07aa-48f2-bfa9-5d04334d51b0	POST	/api/v1/auth/login	undefined
20240712	16:15:05	a0b54088-dbc4-43a7-b154-fb059418033f	POST	/api/v1/auth/login	undefined
20240712	16:15:12	e9a70620-e472-4f86-bd91-b719fa38a673	POST	/api/v1/auth/login	undefined
20240712	16:15:13	69c0456c-708f-4194-b9e8-ecdec5fa9b25	POST	/api/v1/auth/login	undefined
20240712	19:54:42	ae26589f-7673-473f-9edc-f4ec3fb6497d	GET	//api/v1/auth/user-auth	undefined
20240712	19:55:14	c0272d2a-46da-492b-b6a4-85db440732fa	GET	/api/v1/auth/user-auth	undefined
20240712	19:56:24	00388fcb-4acc-4874-820a-0d08c1cdd859	GET	/api/v1/auth/user-auth	undefined
20240712	19:56:43	3ce148c2-fe8d-447b-be98-8bc1fa817a45	GET	/api/v1/auth/user-auth	undefined
20240712	19:57:20	44552527-bc70-430f-b5e9-b389759bba3b	GET	/api/v1/auth/admin-auth	undefined
20240712	19:57:47	0a5fe799-02a0-45f6-ab4f-297739718d02	POST	/api/v1/auth/login	undefined
20240712	19:58:03	b4d74084-e87e-472a-8d0d-a544e60be39e	GET	/api/v1/auth/admin-auth	undefined
20240712	19:58:37	e90d8d2a-b598-4b95-ba62-59fb288a04f7	POST	/api/v1/auth/login	undefined
20240712	19:58:37	512832c7-e79f-446e-9c16-82a6c1a60e9d	POST	/api/v1/auth/login	undefined
20240712	19:58:38	95170c09-e676-4929-8603-3212ee74420f	POST	/api/v1/auth/login	undefined
20240712	19:58:39	84593920-8606-46e1-82e5-843843d81717	POST	/api/v1/auth/login	undefined
20240712	19:58:40	5c3bb936-ed02-4bd3-92b5-1110fcab1dd7	POST	/api/v1/auth/login	undefined
20240712	19:58:41	483227d6-4c58-41b5-9990-47740500cbc9	POST	/api/v1/auth/login	undefined
20240712	19:58:44	f6279254-bdc2-44f6-bea7-046870c5349b	POST	/api/v1/auth/login	undefined
20240712	19:59:44	346d0936-fd52-4700-b303-9b243ff6d079	POST	/api/v1/auth/login	undefined
20240712	19:59:46	6efebc39-4786-43f9-867e-d2bd16c698e1	POST	/api/v1/auth/login	undefined
20240712	19:59:59	d9b6f31b-ae41-473a-88dd-9f5e7f98e996	POST	/api/v1/auth/login	undefined
20240712	20:00:17	2829c683-bd99-4ac4-9c11-a9e1f69f5518	POST	/api/v1/auth/login	undefined
20240712	20:02:25	951ab177-f01d-4f1a-a633-f3d14a41c0ab	POST	/api/v1/auth/login	undefined
20240712	20:02:27	b28f1125-3419-429f-86c3-69ff382fc458	POST	/api/v1/auth/login	undefined
20240712	20:02:29	04e4d686-7f60-4b1d-9cb9-2decd8329248	POST	/api/v1/auth/login	undefined
20240712	20:02:31	acf9110e-c4ee-4712-8b86-ffb942952ee2	POST	/api/v1/auth/login	undefined
20240712	20:02:34	f06b97ab-aa00-4c58-a95b-53a7c0cf38ee	POST	/api/v1/auth/login	undefined
20240712	20:02:35	db679b51-7b33-4f19-995a-69a9ddb47e65	POST	/api/v1/auth/login	undefined
20240712	20:02:36	bae739f7-a735-4ff9-b5d9-93e1acd1f0a8	POST	/api/v1/auth/login	undefined
20240712	20:02:36	39f0e2f1-d8fa-457c-a6a0-602db76e1808	POST	/api/v1/auth/login	undefined
20240712	20:02:37	256ba5b9-1a2f-4f81-97ba-c13b11e4fa7a	POST	/api/v1/auth/login	undefined
20240712	20:02:38	a4c84db2-b1af-4d0f-88e5-9eaa0f36de57	POST	/api/v1/auth/login	undefined
20240712	20:02:39	6630cc63-083d-4c50-8385-57ba1bf57abb	POST	/api/v1/auth/login	undefined
20240712	20:02:40	d6b05528-88db-402f-b161-878b8f3b423e	POST	/api/v1/auth/login	undefined
20240712	20:03:19	452347d0-822d-4012-bb08-d8b72cd0a903	POST	/api/v1/auth/login	undefined
20240712	20:03:34	cedaea0e-90bb-4ad8-b15b-4e479fb72dbb	POST	/api/v1/auth/login	undefined
20240712	20:03:42	14bad373-8255-41e7-adc3-77197a314f7c	POST	/api/v1/auth/login	undefined
20240712	20:04:21	79151e35-e3fd-4e3c-8b0d-3688554cd906	POST	/api/v1/auth/login	undefined
20240712	20:04:22	4bc83edd-c0d4-455e-8dc2-4ddcadda6fd0	POST	/api/v1/auth/login	undefined
20240712	20:04:23	897a2ea3-6ee5-4165-b90e-19af0b33fd8c	POST	/api/v1/auth/login	undefined
20240712	20:04:24	b12650a2-284f-4aeb-bfd4-ea47a733a759	POST	/api/v1/auth/login	undefined
20240712	20:04:25	97bb4a70-49ef-4a59-9b8c-212b6ea9520d	POST	/api/v1/auth/login	undefined
20240712	20:04:26	0a0d354d-d6c6-401a-a1d6-1bc5303b8399	POST	/api/v1/auth/login	undefined
20240712	20:04:28	cec54bf3-4cbd-479e-9cf7-6fd7f09a5e28	POST	/api/v1/auth/login	undefined
20240712	20:04:31	e5ae01c1-8876-450d-9600-eb15adea58ff	POST	/api/v1/auth/login	undefined
20240712	20:04:37	4118042f-d50b-444f-9f2f-ac706bfc8534	POST	/api/v1/auth/login	undefined
20240712	20:20:38	5eef3b86-04e4-4a12-985f-575d2b29eeb0	POST	/api/v1/auth/login	undefined
20240712	20:20:39	46b60aac-cd2c-46d2-8427-361436da3342	POST	/api/v1/auth/login	undefined
20240712	20:20:40	5dcffbd6-be6a-46ee-b0b6-ab6f4681d954	POST	/api/v1/auth/login	undefined
20240712	20:20:41	971cc7dd-573a-44d1-b759-7a9f0df1a8f1	POST	/api/v1/auth/login	undefined
20240712	20:20:42	cff1364f-91c0-48b5-9d98-028c87654948	POST	/api/v1/auth/login	undefined
20240712	20:20:43	d194d2f0-eb7e-456c-877b-0a460cbe3efc	POST	/api/v1/auth/login	undefined
20240712	20:20:44	636d48d0-5671-493e-8b5f-1182cec37f48	POST	/api/v1/auth/login	undefined
20240712	20:20:45	9a9c0280-fcfd-44c3-8bcf-b2a785d0648c	POST	/api/v1/auth/login	undefined
20240712	20:20:46	5a6722c6-bc5f-46e8-8d07-5a69c7652133	POST	/api/v1/auth/login	undefined
20240712	20:20:47	0713b649-1023-4464-a685-265bd765b045	POST	/api/v1/auth/login	undefined
20240712	20:27:18	54c2b847-cd02-4729-97b3-e6af00dee1f0	POST	/api/v1/auth/login	undefined
20240712	20:27:20	5c287f84-ccb6-4566-b8b6-ada4abb6cfd0	POST	/api/v1/auth/login	undefined
20240712	20:27:21	633a34b3-f679-4e46-873f-963de6741da8	POST	/api/v1/auth/login	undefined
20240712	20:27:22	246ab6fe-fef5-422c-8d7a-bc49102e26b4	POST	/api/v1/auth/login	undefined
20240712	20:27:22	44cb3a41-588b-453f-b139-9035c884e382	POST	/api/v1/auth/login	undefined
20240712	20:27:23	5204a884-5eb7-430a-86cd-6b833a907d3f	POST	/api/v1/auth/login	undefined
20240712	20:27:24	9f25f7bf-284f-495c-ac79-ad00740d775c	POST	/api/v1/auth/login	undefined
20240712	20:27:25	648f5150-e51e-4757-98a5-39a73b970f21	POST	/api/v1/auth/login	undefined
20240712	20:27:26	ed596d30-d13a-4aae-9cee-c70fb62c92c3	POST	/api/v1/auth/login	undefined
20240712	20:27:27	ab7ee441-44d6-4684-bcc7-c57032c83c43	POST	/api/v1/auth/login	undefined
20240712	20:58:01	91829333-9a3a-4f93-b19c-ce26870fd8e3	POST	/api/v1/auth/login	undefined
20240712	20:58:02	e18bcb2d-9bb4-4a96-be5c-74c196c3ad85	POST	/api/v1/auth/login	undefined
20240712	20:58:04	815cc12c-6be8-4eb6-87f4-24bb4e6cecdb	POST	/api/v1/auth/login	undefined
20240712	20:58:05	8da9208b-3d7c-46ec-a84b-d1450fac98ea	POST	/api/v1/auth/login	undefined
20240712	20:58:06	23ce1fd1-0407-453a-87a9-d20114c0c991	POST	/api/v1/auth/login	undefined
20240712	20:58:07	7abd8078-afed-4e11-81aa-f522b46879a4	POST	/api/v1/auth/login	undefined
20240712	20:58:08	a5c2e13f-4bc4-4f00-90bd-ad032645bcf4	POST	/api/v1/auth/login	undefined
20240712	21:14:29	9e52e4f3-c80a-414a-958c-be183b61b71d	POST	/api/v1/auth/login	undefined
20240712	21:14:30	6d8e9db5-5f04-4129-8430-665727248461	POST	/api/v1/auth/login	undefined
20240712	21:14:31	88df5ffd-d503-4688-ac9b-d556f1354a73	POST	/api/v1/auth/login	undefined
20240712	21:14:32	010cf7d9-89b2-4cc0-9214-0855d122f4b3	POST	/api/v1/auth/login	undefined
20240712	21:14:33	938a081f-6a7f-4bfa-9154-05701cd86abc	POST	/api/v1/auth/login	undefined
20240712	21:14:33	cf25c144-8fe2-4846-8d03-712892707e0b	POST	/api/v1/auth/login	undefined
20240712	21:14:34	fe19ef5f-98ea-4926-9329-61a5dae37494	POST	/api/v1/auth/login	undefined
20240712	22:55:53	88598b02-16cf-4b2d-b6bd-dceaf861c98c	PUT	/api/v1/auth/profile?name=user1&email=user1@gmail.com&phone=132637345454&address=dhaka	undefined
20240712	23:05:14	0e54f46a-bb10-4583-92b2-4f1af9356857	PUT	/api/v1/auth/profile?name=user1&email=user1@gmail.com&phone=132637345454&address=dhaka	undefined
20240712	23:21:31	cc591a99-47cc-455c-ac09-7111f5de8232	PUT	/api/v1/auth/profile	http://localhost:3000
20240714	11:07:19	dda2375e-037b-4964-a566-259ae8dffe28	POST	/api/v1/auth/login	undefined
20240714	11:07:34	5eb728f0-03d5-452a-95ca-132c165f99fb	POST	/api/v1/auth/login	undefined
20240714	11:08:36	e7eaee21-109c-42d4-a785-2f6c8b880dd3	POST	/api/v1/auth/login	undefined
20240714	11:08:39	215c3ce9-38f9-4af4-b2d6-16c052133ed0	POST	/api/v1/auth/login	undefined
20240714	11:08:41	896acc6b-5109-4800-910c-e448f5340a14	POST	/api/v1/auth/login	undefined
20240714	11:08:41	1ed802c0-bf47-47ce-ab68-427d3c5bd942	POST	/api/v1/auth/login	undefined
20240714	11:08:43	eadd1cfd-926f-4b1e-b24b-e0e1eea06d4d	POST	/api/v1/auth/login	undefined
20240714	11:08:44	b81f201c-021a-4dce-8477-b8bab1c55b63	POST	/api/v1/auth/login	undefined
20240714	11:08:45	72820793-79f8-465a-8ef7-f6c9aeb7be01	POST	/api/v1/auth/login	undefined
20240813	23:00:36	47317ec0-a6f4-407b-b756-610500e5ea29	GET	/api/v1/category/get-category	undefined
20240813	23:02:12	4fa766f4-56df-4224-844c-6b1b450ef92d	GET	/api/v1/category/get-category	undefined
20240818	03:02:23	caa8653b-4f18-448e-b753-4dfb44e73e7c	GET	/api/v1/auth/test	undefined
20240818	03:06:28	c6da3d20-631f-412d-8738-b53e08e0b5aa	GET	/api/v1/auth/all-orders	http://localhost:3000
20240818	03:06:28	4c1386ac-86d3-4f4c-815c-dcea2550c41b	GET	/api/v1/auth/all-orders	http://localhost:3000
20240818	03:07:07	47d64d4d-1fc3-4732-adf5-9a6937fbc39b	GET	/api/v1/auth/all-orders	http://localhost:3000
20240818	03:07:31	9cff0c02-e988-4b8a-ba9d-7cba2f1f1b30	GET	/api/v1/auth/all-orders	http://localhost:3000
20240818	03:07:59	0b206a51-594d-4b96-b394-540aa0b038b0	GET	/api/v1/auth/orders	http://localhost:3000
20240818	03:08:00	85510fb2-5531-4557-bec9-d548fd04a469	GET	/api/v1/product/product-photo/66886354e511f1dfdbd818a1	undefined
20240818	03:08:00	aca0c7af-43ca-4e08-9e9d-3dc509667c4c	GET	/api/v1/product/product-photo/668e533bd7562c51ba2690ff	undefined
20240818	03:08:00	6baa861e-119e-4d5b-8454-6f05eee9f31b	GET	/api/v1/product/product-photo/6688621bf19a2b064500d6be	undefined
20240818	03:08:06	4555ddaf-da56-4b5f-bbdd-2010dfdc7850	GET	/api/v1/auth/orders	http://localhost:3000
20240818	03:08:06	e6e4f76a-d066-4039-84d0-9daa80b91100	GET	/api/v1/product/product-photo/66886354e511f1dfdbd818a1	undefined
20240818	03:08:06	283d9a97-d77b-4e59-adbc-5f06a252bc63	GET	/api/v1/product/product-photo/6688621bf19a2b064500d6be	undefined
20240818	03:08:06	ab73efa8-9316-4372-ab8d-a3cc4820586b	GET	/api/v1/product/product-photo/668e533bd7562c51ba2690ff	undefined
20240818	03:08:51	e6874a52-d699-486c-bfd5-98350fb0af84	GET	/api/v1/auth/all-orders	http://localhost:3000
20240818	03:09:44	7fa74aca-b91a-44f3-b046-c18880aba0b3	GET	/api/v1/auth/all-orders	undefined
20240818	03:09:46	0939ea44-c471-46a7-b323-e952ba7fc094	GET	/api/v1/auth/all-orders	undefined
20240818	03:09:47	8b019dbe-12d9-4ed8-abaa-7e3f94142af1	GET	/api/v1/auth/all-orders	undefined
20240818	03:09:48	ea37640b-133e-4ac9-9a05-7bd1fbbf6d87	GET	/api/v1/auth/all-orders	undefined
20240818	03:09:49	8dee5fd9-7262-4740-9405-f4c741193356	GET	/api/v1/auth/all-orders	undefined
20240818	03:09:49	81a923b0-389f-410c-9eb6-e10acf45ea4e	GET	/api/v1/auth/all-orders	undefined
20240818	03:09:50	0554e9b7-6ddb-4209-91cf-4c03dc561066	GET	/api/v1/auth/all-orders	undefined
20240818	03:23:53	3fa820ec-5611-470d-9314-12dbe2bb4602	GET	/api/v1/auth/all-orders	undefined
20240818	03:23:54	0b61bf18-b57e-4134-be1a-060d2ef58149	GET	/api/v1/auth/all-orders	undefined
20240818	03:23:54	1af7d89f-ed7b-4ab1-a7a1-a23d0149ee20	GET	/api/v1/auth/all-orders	undefined
20240918	20:43:54	4f09c579-1338-4a6d-98ad-36e7a93ca76e	POST	/api/v1/auth/login	undefined
20240918	20:45:05	e9afe5af-c453-45fd-9a91-b6e592e6f118	POST	/api/v1/auth/login	undefined
20240918	20:45:55	847bef02-0bcd-4b68-be2f-e24804090e3f	POST	/api/v1/auth/login	undefined
20240918	20:46:00	fe7b72d9-0b18-4c6d-8565-87c8b5066ea3	POST	/api/v1/auth/login	undefined
20240918	20:46:32	52797f63-e64a-4b7e-9d9c-17f4b7545b0a	POST	/api/v1/auth/login	undefined
20240918	20:46:36	b97bbad9-c35f-4669-b3e1-a9973ac610fc	POST	/api/v1/auth/login	undefined
20240918	20:46:53	6565b6a3-f0be-4090-82d4-d18ec9ab12cd	POST	/api/v1/auth/login	undefined
20240918	21:31:47	c2d91b11-45ce-4889-a86d-3275e6cb32c7	POST	/api/v1/auth/login	undefined
20240918	21:32:57	80b71f5c-fefa-4652-b232-8518c341aca8	POST	/api/v1/auth/login	undefined
20240918	21:36:57	02f06867-aa18-4fd6-8a08-6143dae2b7bc	POST	/api/v1/auth/login	undefined
20240918	21:51:58	b62b4f9c-62fd-4da5-829d-201eb526ea2e	POST	/api/v1/auth/login	undefined
20240918	21:53:20	124c84eb-eaa1-4d49-af2a-a9b367f92b67	GET	/api/v1/auth/orders	undefined
20240918	21:53:35	89b3bb5d-1cfe-4fc9-8bcd-c9c3ece6ac34	GET	/api/v1/auth/all-orders	undefined
20240918	21:54:28	a4a86aca-973a-4896-8d4d-4b64669f3342	GET	/api/v1/auth/all-orders	undefined
20240918	21:55:27	8eb11ba8-2e7b-45fa-94e9-251986c0045e	GET	/api/v1/auth/all-orders	undefined
20240918	21:55:28	48e76a34-749f-491d-bb4c-adcee5fae52b	GET	/api/v1/auth/all-orders	undefined
20240918	21:55:29	8f1fe8f8-9278-4010-940e-51a2a2ad76ea	GET	/api/v1/auth/all-orders	undefined
20240918	21:56:06	9101ad24-6126-4b4e-b413-aa703303a873	GET	/api/v1/auth/all-orders	undefined
20240918	21:56:28	626075a0-9252-41af-9ef2-d5f590fbfca1	GET	/api/v1/auth/all-orders	undefined
20240918	21:58:11	89b7848f-d43b-4d6b-b92c-5b212c62943d	GET	/api/v1/auth/all-orders	undefined
20240920	19:55:42	18df7423-8fc3-4b17-a5b8-d8fba7192cde	POST	/api/v1/auth/login	undefined
20240920	19:56:02	13f535f3-8fcf-4fd1-bd49-9f6df17d9d28	GET	/api/v1/auth/orders	undefined
20240920	20:00:21	9c91444c-26d2-4735-80a4-cd7ad29736ca	GET	/api/v1/auth/orders	undefined
20240920	20:00:29	2fe22c0a-1443-45d5-8a57-5310844d9183	POST	/api/v1/auth/login	undefined
20240920	20:00:48	325db8bf-fd0c-49c2-aa82-10b2778654e2	GET	/api/v1/auth/orders	undefined
20240920	20:01:03	73acb122-d1ca-48f2-9684-f7207dd38b28	GET	/api/v1/auth/orders	undefined
20240920	20:04:41	33a64879-4302-4b53-ac45-98403a9f1c55	POST	/api/v1/auth/login	undefined
20240920	20:05:00	a6b6fdd7-a2ae-4928-9264-4401fc2800ba	GET	/api/v1/auth/orders	undefined
20240920	20:13:09	00520793-0bb2-41d9-b3fe-a86b0b9d8d16	GET	/api/v1/auth/orders	undefined
20240920	20:13:15	ed1483fb-8dc7-4b8b-b563-efdae91509ba	POST	/api/v1/auth/login	undefined
20240920	20:13:30	43f8397c-5f4f-4538-8a38-ea4920685030	GET	/api/v1/auth/orders	undefined
20240920	20:14:16	d2aa25a3-5f82-482c-a0db-f7486b28ec95	POST	/api/v1/auth/login	undefined
20240920	20:14:24	d1442431-bc34-4ffe-be74-e0ab4922ee3b	POST	/api/v1/auth/login	undefined
20240920	20:14:41	7cb5d987-0aea-486d-b15c-abccf6d5b804	GET	/api/v1/auth/all-orders	undefined
